[debug] [2022-12-28T18:49:19.058Z] ----------------------------------------------------------------------
[debug] [2022-12-28T18:49:19.060Z] Command:       C:\Program Files\nodejs\node.exe C:\Users\samim\AppData\Roaming\npm\node_modules\firebase-tools\lib\bin\firebase.js init
[debug] [2022-12-28T18:49:19.061Z] CLI Version:   11.16.1
[debug] [2022-12-28T18:49:19.061Z] Platform:      win32
[debug] [2022-12-28T18:49:19.061Z] Node Version:  v16.15.1
[debug] [2022-12-28T18:49:19.062Z] Time:          Thu Dec 29 2022 00:49:19 GMT+0600 (Bangladesh Standard Time)
[debug] [2022-12-28T18:49:19.062Z] ----------------------------------------------------------------------
[debug] 
[debug] [2022-12-28T18:49:19.070Z] > command requires scopes: ["email","openid","https://www.googleapis.com/auth/cloudplatformprojects.readonly","https://www.googleapis.com/auth/firebase","https://www.googleapis.com/auth/cloud-platform"]
[debug] [2022-12-28T18:49:19.070Z] > authorizing via signed-in user (samimsarkar447@gmail.com)
[info] 
     ######## #### ########  ######## ########     ###     ######  ########
     ##        ##  ##     ## ##       ##     ##  ##   ##  ##       ##
     ######    ##  ########  ######   ########  #########  ######  ######
     ##        ##  ##    ##  ##       ##     ## ##     ##       ## ##
     ##       #### ##     ## ######## ########  ##     ##  ######  ########

You're about to initialize a Firebase project in this directory:

  F:\Programming Hero\React-Task-App-main\React-Task-App-main

[info] 
=== Project Setup
[info] 
[info] First, let's associate this project directory with a Firebase project.
[info] You can create multiple project aliases by running firebase use --add, 
[info] but for now we'll just set up a default project.
[info] 
[info] i  If you want to create a project in a Google Cloud organization or folder, please use "firebase projects:create" instead, and return to this command when you've created the project. 
[debug] [2022-12-28T18:50:23.604Z] > refreshing access token with scopes: []
[debug] [2022-12-28T18:50:23.608Z] >>> [apiv2][query] POST https://www.googleapis.com/oauth2/v3/token [none]
[debug] [2022-12-28T18:50:23.608Z] >>> [apiv2][body] POST https://www.googleapis.com/oauth2/v3/token [omitted]
[debug] [2022-12-28T18:50:23.938Z] <<< [apiv2][status] POST https://www.googleapis.com/oauth2/v3/token 200
[debug] [2022-12-28T18:50:23.938Z] <<< [apiv2][body] POST https://www.googleapis.com/oauth2/v3/token [omitted]
[debug] [2022-12-28T18:50:24.753Z] >>> [apiv2][query] POST https://cloudresourcemanager.googleapis.com/v1/projects [none]
[debug] [2022-12-28T18:50:24.753Z] >>> [apiv2][body] POST https://cloudresourcemanager.googleapis.com/v1/projects {"projectId":"task-app","name":"samim"}
[debug] [2022-12-28T18:50:26.351Z] <<< [apiv2][status] POST https://cloudresourcemanager.googleapis.com/v1/projects 409
[debug] [2022-12-28T18:50:26.351Z] <<< [apiv2][body] POST https://cloudresourcemanager.googleapis.com/v1/projects {"error":{"code":409,"message":"Requested entity already exists","status":"ALREADY_EXISTS"}}
[debug] [2022-12-28T18:50:26.572Z] FirebaseError: HTTP Error: 409, Requested entity already exists
    at responseToError (C:\Users\samim\AppData\Roaming\npm\node_modules\firebase-tools\lib\responseToError.js:49:12)
    at RetryOperation._fn (C:\Users\samim\AppData\Roaming\npm\node_modules\firebase-tools\lib\apiv2.js:288:77)
    at processTicksAndRejections (node:internal/process/task_queues:96:5)
[error] 
[error] Error: Failed to create project because there is already a project with ID task-app. Please try again with a unique project ID.
